<testsuite name="tools.plenary-to-junit.testdata.nvim_log_spec" tests="6" failures="0" skipped="0" errors="0">
  <testcase name="describe passes - TRACE">
    <system-out><![CDATA[TRACE log]]></system-out>
  </testcase>
  <testcase name="describe passes - DEBUG">
    <system-out><![CDATA[DEBUG log]]></system-out>
  </testcase>
  <testcase name="describe passes - INFO">
    <system-out><![CDATA[INFO log]]></system-out>
  </testcase>
  <testcase name="describe passes - WARN">
    <system-out><![CDATA[WARN log]]></system-out>
  </testcase>
  <testcase name="describe passes - ERROR">
    <system-out><![CDATA[Error detected while processing command line:
ERROR log]]></system-out>
  </testcase>
  <testcase name="describe passes - OFF">
    <system-out><![CDATA[OFF log]]></system-out>
  </testcase>
</testsuite>
